<?xml version="1.0" encoding="UTF-8"?>
<testsuite name="LabelsTest" tests="1" skipped="0" failures="0" errors="0" timestamp="2023-12-01T11:22:29" hostname="DESKTOP-7K8V22R" time="0.201">
  <properties/>
  <testcase name="Создание Isuue для авторизованного пользователя" classname="LabelsTest" time="0.201"/>
  <system-out><![CDATA[]]></system-out>
  <system-err><![CDATA[]]></system-err>
</testsuite>
